# project  configured on Thu Mar 26 17:16:31 2015 by
# waf 1.7.11 (abi 98, python 20705f0 on darwin)
# using /Users/brandonwalsh/pebble-dev/PebbleSDK-3.0-dp3/Pebble/waf configure build
#
----------------------------------------
Setting top to
/Users/brandonwalsh/Documents/Objective-C Stuff/Flashcards For Pebble/Pebble (watch app)/flashcards
----------------------------------------
Setting out to
/Users/brandonwalsh/Documents/Objective-C Stuff/Flashcards For Pebble/Pebble (watch app)/flashcards/build
----------------------------------------
Found Pebble SDK for basalt in:
/Users/brandonwalsh/pebble-dev/PebbleSDK-3.0-dp3/Pebble/basalt
----------------------------------------
Checking for program gcc,cc
arm-none-eabi-gcc
find program=['gcc', 'cc'] paths='' var='CC' -> 'arm-none-eabi-gcc'
----------------------------------------
Checking for program ar
arm-none-eabi-ar
find program=['ar'] paths='' var='AR' -> 'arm-none-eabi-ar'
----------------------------------------
Found Pebble SDK for aplite in:
/Users/brandonwalsh/pebble-dev/PebbleSDK-3.0-dp3/Pebble/aplite
----------------------------------------
Checking for program gcc,cc
arm-none-eabi-gcc
find program=['gcc', 'cc'] paths='' var='CC' -> 'arm-none-eabi-gcc'
----------------------------------------
Checking for program ar
arm-none-eabi-ar
find program=['ar'] paths='' var='AR' -> 'arm-none-eabi-ar'
